  Compiling CUDA source file control.cu...
  
  D:\Shared\tpu_sim>"C:\Program Files\NVIDIA GPU Computing Toolkit\CUDA\v10.1\bin\nvcc.exe" -gencode=arch=compute_35,code=\"sm_35,compute_35\" --use-local-env -ccbin "C:\Program Files (x86)\Microsoft Visual Studio\2019\Community\VC\Tools\MSVC\14.22.27905\bin\HostX86\x64" -x cu -rdc=true -I"C:\Program Files\NVIDIA GPU Computing Toolkit\CUDA\v10.1\include" -I"C:\Program Files\NVIDIA GPU Computing Toolkit\CUDA\v10.1\include"  -G   --keep-dir x64\Debug -maxrregcount=0  --machine 64 --compile -cudart static -Xcompiler "/wd 4819" -g   -DWIN32 -DWIN64 -D_DEBUG -D_CONSOLE -D_MBCS -Xcompiler "/EHsc /W3 /nologo /Od /Fdx64\Debug\vc142.pdb /FS /Zi /RTC1 /MDd " -o x64\Debug\control.cu.obj "D:\Shared\tpu_sim\control.cu" 
  control.cu
  simulation.cu
  test.cu
  Generating Code...
  
  D:\Shared\tpu_sim>"C:\Program Files\NVIDIA GPU Computing Toolkit\CUDA\v10.1\bin\nvcc.exe" -dlink -o x64\Debug\tpu_sim.device-link.obj -Xcompiler "/EHsc /W3 /nologo /Od /Zi /RTC1 /MDd " -L"C:\Program Files\NVIDIA GPU Computing Toolkit\CUDA\v10.1\lib\x64" cudart_static.lib kernel32.lib user32.lib gdi32.lib winspool.lib comdlg32.lib advapi32.lib shell32.lib ole32.lib oleaut32.lib uuid.lib odbc32.lib odbccp32.lib  -gencode=arch=compute_35,code=sm_35 -G --machine 64 x64\Debug\control.cu.obj x64\Debug\sys_arr.cu.obj x64\Debug\unified_buffer.cu.obj 
  cudart_static.lib
  kernel32.lib
  user32.lib
  gdi32.lib
  winspool.lib
  comdlg32.lib
  advapi32.lib
  shell32.lib
  ole32.lib
  oleaut32.lib
  uuid.lib
  odbc32.lib
  odbccp32.lib
  control.cu.obj
  sys_arr.cu.obj
  unified_buffer.cu.obj
  TPU_sim.vcxproj -> D:\Shared\tpu_sim\x64\Debug\tpu_sim.exe
